<?xml version="1.0" encoding="UTF-8"?>
<testsuite xmlns:xsi="http://www.w3.org/2001/XMLSchema-instance" xsi:noNamespaceSchemaLocation="https://maven.apache.org/surefire/maven-surefire-plugin/xsd/surefire-test-report-3.0.xsd" version="3.0" name="io.helidon.examples.quickstart.mp.MainTest" time="3.032" tests="4" errors="0" skipped="0" failures="0">
  <properties>
[...]
</properties>
  <testcase name="testGreetings" classname="io.helidon.examples.quickstart.mp.MainTest" time="0.453">
    <system-out><![CDATA[2024.02.18 11:01:57 WARNING io.helidon.openapi.OpenApiFeature Thread[#1,main,5,main]: Static OpenAPI file not found, checked: [META-INF/openapi.json, META-INF/openapi.yaml, META-INF/openapi.yml]
2024.02.18 11:01:57 INFO io.helidon.microprofile.server.ServerCdiExtension Thread[#1,main,5,main]: Registering JAX-RS Application: HelidonMP
2024.02.18 11:01:57 WARNING org.glassfish.jersey.server.wadl.WadlFeature Thread[#1,main,5,main]: JAX-B API not found . WADL feature is disabled.
2024.02.18 11:01:57 INFO io.helidon.webserver.ServerListener VirtualThread[#74,start @default (/0.0.0.0:0)]/runnable@ForkJoinPool-1-worker-1: [0x3b0df354] http://0.0.0.0:32835 bound for socket '@default'
2024.02.18 11:01:57 INFO io.helidon.webserver.LoomServer Thread[#1,main,5,main]: Started all channels in 14 milliseconds. 2644 milliseconds since JVM startup. Java 21.0.2+13-58
2024.02.18 11:01:57 INFO io.helidon.microprofile.server.ServerCdiExtension Thread[#1,main,5,main]: Server started on http://localhost:32835 (and all other host addresses) in 2648 milliseconds (since JVM startup).
2024.02.18 11:01:58 INFO io.helidon.common.features.HelidonFeatures Thread[#78,features-thread,5,main]: Helidon MP 4.0.5 features: [CDI, Config, Health, Metrics, Open API, Server]
]]></system-out>
  </testcase>
  <testcase name="testGreet" classname="io.helidon.examples.quickstart.mp.MainTest" time="0.065"/>
  <testcase name="testHealth" classname="io.helidon.examples.quickstart.mp.MainTest" time="0.021"/>
  <testcase name="testMicroprofileMetrics" classname="io.helidon.examples.quickstart.mp.MainTest" time="0.07"/>
</testsuite>